#
# A fatal error has been detected by the Java Runtime Environment:
#
#  EXCEPTION_ACCESS_VIOLATION (0xc0000005) at pc=0x00000000828cc380, pid=10372, tid=0x00000000000008b8
#
# JRE version: OpenJDK Runtime Environment (8.0_242-b01) (build 1.8.0_242-release-1644-b01)
# Java VM: OpenJDK 64-Bit Server VM (25.242-b01 mixed mode windows-amd64 compressed oops)
# Problematic frame:
# C  0x00000000828cc380
#
# Failed to write core dump. Minidumps are not enabled by default on client versions of Windows
#
# If you would like to submit a bug report, please visit:
#   
#

---------------  T H R E A D  ---------------

Current thread (0x000000001b64f800):  JavaThread "WorkerExecutor Queue" [_thread_in_Java, id=2232, stack(0x000000002c890000,0x000000002c990000)]

siginfo: ExceptionCode=0xc0000005, ExceptionInformation=0x0000000000000008 0x00000000828cc380

Registers:
RAX=0x00000000d5722340, RBX=0x00000000d57222d0, RCX=0x0000000000000022, RDX=0x0000000100a13828
RSP=0x000000002c98dcc8, RBP=0x000000002c98de98, RSI=0x00000000000013cc, RDI=0x00000000d5722368
R8 =0x00000000e15e53d8, R9 =0x000000002d267600, R10=0x00000000e16bc4f8, R11=0x0000000011790000
R12=0x0000000000000000, R13=0x00000000d57222f8, R14=0x00000000ffffffff, R15=0x000000001b64f800
RIP=0x00000000828cc380, EFLAGS=0x0000000000010206

Top of Stack: (sp=0x000000002c98dcc8)
0x000000002c98dcc8:   000000000436b59d 00000000e15e53d8
0x000000002c98dcd8:   00000000757e80a2 00000000e197e4d0
0x000000002c98dce8:   000000000436f70c 0000000000002000
0x000000002c98dcf8:   0000000000000001 0000000000000000
0x000000002c98dd08:   0000099700000007 0000000000000000
0x000000002c98dd18:   0000000100011340 00000000e1c1ac90
0x000000002c98dd28:   00000000d561d560 000000001b64f800
0x000000002c98dd38:   00000000d561d560 00000000e197e4d0
0x000000002c98dd48:   00000000d561f890 00000000d5722220
0x000000002c98dd58:   00000000d5722220 0000000600000005
0x000000002c98dd68:   00000000d5722298 00000000e15e53d8
0x000000002c98dd78:   0000000000000000 00000000e197e4d0
0x000000002c98dd88:   0000000004381bac 0000000004366f20
0x000000002c98dd98:   0000000075eb5d00 00000000200002c2
0x000000002c98dda8:   00000000d571a420 00000000e1c1ac80
0x000000002c98ddb8:   00000000d57221f0 00000000d56238d0 

Instructions: (pc=0x00000000828cc380)
0x00000000828cc360:   05 00 00 00 00 00 00 00 c4 50 12 20 78 c3 8c 82
0x00000000828cc370:   38 c4 8c 82 00 00 00 00 05 00 00 00 00 00 00 00
0x00000000828cc380:   c2 02 00 20 90 c3 8c 82 00 00 00 00 00 00 00 00
0x00000000828cc390:   01 00 00 00 00 00 00 00 3f 00 00 20 4a 00 00 00 


Register to memory mapping:

RAX=0x00000000d5722340 is an oop

[error occurred during error reporting (printing register info), id 0xc0000005]

Stack: [0x000000002c890000,0x000000002c990000],  sp=0x000000002c98dcc8,  free space=1015k
Native frames: (J=compiled Java code, j=interpreted, Vv=VM code, C=native code)
C  0x00000000828cc380


---------------  P R O C E S S  ---------------

Java Threads: ( => current thread )
  0x000000001b64f000 JavaThread "WorkerExecutor Queue Thread 2" [_thread_blocked, id=6368, stack(0x000000002ce90000,0x000000002cf90000)]
  0x000000001b64e000 JavaThread "stdout" [_thread_in_native, id=6084, stack(0x000000002cb90000,0x000000002cc90000)]
  0x000000001b655000 JavaThread "stderr" [_thread_in_native, id=5768, stack(0x000000002ca90000,0x000000002cb90000)]
  0x000000001b651000 JavaThread "pool-2-thread-1" [_thread_blocked, id=7212, stack(0x000000002c990000,0x000000002ca90000)]
=>0x000000001b64f800 JavaThread "WorkerExecutor Queue" [_thread_in_Java, id=2232, stack(0x000000002c890000,0x000000002c990000)]
  0x000000001b64c800 JavaThread "Cache worker for execution history cache (C:\Users\errajy\Downloads\SecondQuizProject\SecondQuizProject\.gradle\6.5\executionHistory)" [_thread_blocked, id=9128, stack(0x000000002c390000,0x000000002c490000)]
  0x000000001b653800 JavaThread "Execution worker for ':' Thread 3" [_thread_blocked, id=4088, stack(0x000000002c290000,0x000000002c390000)]
  0x000000001b650800 JavaThread "Execution worker for ':' Thread 2" [_thread_blocked, id=3848, stack(0x000000002c190000,0x000000002c290000)]
  0x0000000019c7c800 JavaThread "Execution worker for ':'" [_thread_blocked, id=3760, stack(0x000000002a850000,0x000000002a950000)]
  0x0000000019c7c000 JavaThread "Cache worker for file content cache (C:\Users\errajy\Downloads\SecondQuizProject\SecondQuizProject\.gradle\6.5\fileContent)" [_thread_blocked, id=4144, stack(0x000000002a750000,0x000000002a850000)]
  0x0000000019c7b000 JavaThread "Memory manager" [_thread_blocked, id=9784, stack(0x000000002a650000,0x000000002a750000)]
  0x0000000019c7e000 JavaThread "Cache worker for Build Output Cleanup Cache (C:\Users\errajy\Downloads\SecondQuizProject\SecondQuizProject\.gradle\buildOutputCleanup)" [_thread_blocked, id=7828, stack(0x0000000028680000,0x0000000028780000)]
  0x0000000019c79800 JavaThread "jar transforms Thread 114" [_thread_blocked, id=5912, stack(0x0000000028380000,0x0000000028480000)]
  0x0000000019c7a800 JavaThread "jar transforms Thread 113" [_thread_blocked, id=5160, stack(0x0000000028280000,0x0000000028380000)]
  0x0000000019c79000 JavaThread "jar transforms Thread 112" [_thread_blocked, id=10420, stack(0x0000000028180000,0x0000000028280000)]
  0x0000000019c7d800 JavaThread "jar transforms Thread 111" [_thread_blocked, id=2872, stack(0x0000000028080000,0x0000000028180000)]
  0x0000000019c78000 JavaThread "jar transforms Thread 110" [_thread_blocked, id=9152, stack(0x0000000027f80000,0x0000000028080000)]
  0x0000000019c70800 JavaThread "jar transforms Thread 109" [_thread_blocked, id=6176, stack(0x0000000027e80000,0x0000000027f80000)]
  0x0000000019c73800 JavaThread "jar transforms Thread 108" [_thread_blocked, id=3152, stack(0x0000000027d80000,0x0000000027e80000)]
  0x0000000019c73000 JavaThread "jar transforms Thread 107" [_thread_blocked, id=6352, stack(0x0000000027c80000,0x0000000027d80000)]
  0x0000000019c77800 JavaThread "jar transforms Thread 106" [_thread_blocked, id=1948, stack(0x0000000027b80000,0x0000000027c80000)]
  0x0000000019c74800 JavaThread "jar transforms Thread 105" [_thread_blocked, id=7112, stack(0x0000000027a80000,0x0000000027b80000)]
  0x0000000019c75000 JavaThread "jar transforms Thread 104" [_thread_blocked, id=10308, stack(0x0000000027980000,0x0000000027a80000)]
  0x0000000019c76000 JavaThread "jar transforms Thread 103" [_thread_blocked, id=10312, stack(0x0000000027880000,0x0000000027980000)]
  0x0000000019c72000 JavaThread "jar transforms Thread 102" [_thread_blocked, id=11020, stack(0x0000000027780000,0x0000000027880000)]
  0x0000000019c76800 JavaThread "jar transforms Thread 101" [_thread_blocked, id=5772, stack(0x0000000027680000,0x0000000027780000)]
  0x0000000019c6f000 JavaThread "jar transforms Thread 100" [_thread_blocked, id=424, stack(0x0000000027580000,0x0000000027680000)]
  0x0000000019c71800 JavaThread "jar transforms Thread 99" [_thread_blocked, id=6716, stack(0x0000000027480000,0x0000000027580000)]
  0x0000000019c70000 JavaThread "jar transforms Thread 98" [_thread_blocked, id=2620, stack(0x0000000027380000,0x0000000027480000)]
  0x000000001afc0800 JavaThread "jar transforms Thread 97" [_thread_blocked, id=7060, stack(0x0000000027280000,0x0000000027380000)]
  0x000000001afbf800 JavaThread "jar transforms Thread 96" [_thread_blocked, id=4108, stack(0x0000000027180000,0x0000000027280000)]
  0x000000001afc1000 JavaThread "jar transforms Thread 95" [_thread_blocked, id=6004, stack(0x0000000027080000,0x0000000027180000)]
  0x000000001afbf000 JavaThread "jar transforms Thread 94" [_thread_blocked, id=6764, stack(0x0000000026f80000,0x0000000027080000)]
  0x000000001afbb000 JavaThread "jar transforms Thread 93" [_thread_blocked, id=10788, stack(0x0000000026e80000,0x0000000026f80000)]
  0x000000001afbe000 JavaThread "jar transforms Thread 92" [_thread_blocked, id=1412, stack(0x0000000026d80000,0x0000000026e80000)]
  0x000000001afbc000 JavaThread "jar transforms Thread 91" [_thread_blocked, id=10144, stack(0x0000000026c80000,0x0000000026d80000)]
  0x000000001afb7000 JavaThread "jar transforms Thread 90" [_thread_blocked, id=8876, stack(0x0000000026b80000,0x0000000026c80000)]
  0x000000001afba800 JavaThread "jar transforms Thread 89" [_thread_blocked, id=9268, stack(0x0000000026a80000,0x0000000026b80000)]
  0x000000001afbd800 JavaThread "jar transforms Thread 88" [_thread_blocked, id=1208, stack(0x0000000026980000,0x0000000026a80000)]
  0x000000001afb6800 JavaThread "jar transforms Thread 87" [_thread_blocked, id=4476, stack(0x0000000026880000,0x0000000026980000)]
  0x000000001afbc800 JavaThread "jar transforms Thread 86" [_thread_blocked, id=5840, stack(0x0000000026780000,0x0000000026880000)]
  0x000000001afb2800 JavaThread "jar transforms Thread 85" [_thread_blocked, id=10008, stack(0x0000000026680000,0x0000000026780000)]
  0x000000001afb5800 JavaThread "jar transforms Thread 84" [_thread_blocked, id=11248, stack(0x0000000026580000,0x0000000026680000)]
  0x000000001afb5000 JavaThread "jar transforms Thread 83" [_thread_blocked, id=9592, stack(0x0000000026480000,0x0000000026580000)]
  0x000000001afb9800 JavaThread "jar transforms Thread 82" [_thread_blocked, id=1156, stack(0x0000000026380000,0x0000000026480000)]
  0x000000001afb4000 JavaThread "jar transforms Thread 81" [_thread_blocked, id=6032, stack(0x0000000026280000,0x0000000026380000)]
  0x000000001afb8800 JavaThread "jar transforms Thread 80" [_thread_blocked, id=5208, stack(0x0000000026180000,0x0000000026280000)]
  0x000000001afb8000 JavaThread "jar transforms Thread 79" [_thread_blocked, id=10880, stack(0x0000000026080000,0x0000000026180000)]
  0x000000001afb2000 JavaThread "jar transforms Thread 78" [_thread_blocked, id=9988, stack(0x0000000025f80000,0x0000000026080000)]
  0x000000001afb3800 JavaThread "jar transforms Thread 77" [_thread_blocked, id=9256, stack(0x0000000025e80000,0x0000000025f80000)]
  0x000000001a259000 JavaThread "jar transforms Thread 76" [_thread_blocked, id=8680, stack(0x0000000025d80000,0x0000000025e80000)]
  0x000000001a257800 JavaThread "jar transforms Thread 75" [_thread_blocked, id=10232, stack(0x0000000025c80000,0x0000000025d80000)]
  0x000000001a257000 JavaThread "jar transforms Thread 74" [_thread_blocked, id=9692, stack(0x0000000025b80000,0x0000000025c80000)]
  0x000000001a256000 JavaThread "jar transforms Thread 73" [_thread_blocked, id=6488, stack(0x0000000025a80000,0x0000000025b80000)]
  0x000000001a25d000 JavaThread "jar transforms Thread 72" [_thread_blocked, id=9932, stack(0x0000000025980000,0x0000000025a80000)]
  0x000000001a25c000 JavaThread "jar transforms Thread 71" [_thread_blocked, id=10692, stack(0x0000000025880000,0x0000000025980000)]
  0x000000001a25b800 JavaThread "jar transforms Thread 70" [_thread_blocked, id=10152, stack(0x0000000025780000,0x0000000025880000)]
  0x000000001a25a800 JavaThread "jar transforms Thread 69" [_thread_blocked, id=9556, stack(0x0000000025680000,0x0000000025780000)]
  0x000000001a258800 JavaThread "jar transforms Thread 68" [_thread_blocked, id=9324, stack(0x0000000025580000,0x0000000025680000)]
  0x000000001a25a000 JavaThread "jar transforms Thread 67" [_thread_blocked, id=6436, stack(0x0000000025480000,0x0000000025580000)]
  0x000000001a24e800 JavaThread "jar transforms Thread 66" [_thread_blocked, id=5560, stack(0x0000000025380000,0x0000000025480000)]
  0x000000001a255800 JavaThread "jar transforms Thread 65" [_thread_blocked, id=8444, stack(0x0000000025280000,0x0000000025380000)]
  0x000000001a254800 JavaThread "jar transforms Thread 64" [_thread_blocked, id=1180, stack(0x0000000025180000,0x0000000025280000)]
  0x000000001a254000 JavaThread "jar transforms Thread 63" [_thread_blocked, id=9416, stack(0x0000000025080000,0x0000000025180000)]
  0x000000001a251000 JavaThread "jar transforms Thread 62" [_thread_blocked, id=11060, stack(0x0000000024f80000,0x0000000025080000)]
  0x000000001a252800 JavaThread "jar transforms Thread 61" [_thread_blocked, id=4952, stack(0x0000000024e80000,0x0000000024f80000)]
  0x000000001a24f800 JavaThread "jar transforms Thread 60" [_thread_blocked, id=9956, stack(0x0000000024d80000,0x0000000024e80000)]
  0x000000001a250000 JavaThread "jar transforms Thread 59" [_thread_blocked, id=6760, stack(0x0000000024c80000,0x0000000024d80000)]
  0x000000001a251800 JavaThread "jar transforms Thread 58" [_thread_blocked, id=10816, stack(0x0000000024b80000,0x0000000024c80000)]
  0x000000001a24e000 JavaThread "jar transforms Thread 57" [_thread_blocked, id=4316, stack(0x0000000024a80000,0x0000000024b80000)]
  0x000000001a253000 JavaThread "jar transforms Thread 56" [_thread_blocked, id=7260, stack(0x0000000024980000,0x0000000024a80000)]
  0x0000000018efa000 JavaThread "jar transforms Thread 55" [_thread_blocked, id=816, stack(0x0000000024880000,0x0000000024980000)]
  0x0000000018efd000 JavaThread "jar transforms Thread 54" [_thread_blocked, id=8628, stack(0x0000000024780000,0x0000000024880000)]
  0x0000000018ef8800 JavaThread "jar transforms Thread 53" [_thread_blocked, id=10504, stack(0x0000000024680000,0x0000000024780000)]
  0x0000000018efa800 JavaThread "jar transforms Thread 52" [_thread_blocked, id=9388, stack(0x0000000024580000,0x0000000024680000)]
  0x0000000018efc000 JavaThread "jar transforms Thread 51" [_thread_blocked, id=8076, stack(0x0000000024480000,0x0000000024580000)]
  0x0000000018ef9000 JavaThread "jar transforms Thread 50" [_thread_blocked, id=9676, stack(0x0000000024380000,0x0000000024480000)]
  0x0000000018efb800 JavaThread "jar transforms Thread 49" [_thread_blocked, id=3808, stack(0x0000000024280000,0x0000000024380000)]
  0x0000000018ef1000 JavaThread "jar transforms Thread 48" [_thread_blocked, id=8312, stack(0x0000000024180000,0x0000000024280000)]
  0x0000000018ef7800 JavaThread "jar transforms Thread 47" [_thread_blocked, id=2340, stack(0x0000000024080000,0x0000000024180000)]
  0x0000000018ef7000 JavaThread "jar transforms Thread 46" [_thread_blocked, id=8724, stack(0x0000000023f80000,0x0000000024080000)]
  0x0000000018eef800 JavaThread "jar transforms Thread 45" [_thread_blocked, id=6068, stack(0x0000000023e80000,0x0000000023f80000)]
  0x0000000018ef6000 JavaThread "jar transforms Thread 44" [_thread_blocked, id=10388, stack(0x0000000023d80000,0x0000000023e80000)]
  0x0000000018eee800 JavaThread "jar transforms Thread 43" [_thread_blocked, id=9780, stack(0x0000000023c80000,0x0000000023d80000)]
  0x0000000018ef5800 JavaThread "jar transforms Thread 42" [_thread_blocked, id=3408, stack(0x0000000023b80000,0x0000000023c80000)]
  0x0000000018ef0000 JavaThread "jar transforms Thread 41" [_thread_blocked, id=1092, stack(0x0000000023a80000,0x0000000023b80000)]
  0x0000000018ef4000 JavaThread "jar transforms Thread 40" [_thread_blocked, id=3240, stack(0x0000000023980000,0x0000000023a80000)]
  0x0000000018eee000 JavaThread "jar transforms Thread 39" [_thread_blocked, id=5636, stack(0x0000000023880000,0x0000000023980000)]
  0x0000000018ef3000 JavaThread "jar transforms Thread 38" [_thread_blocked, id=1500, stack(0x0000000023780000,0x0000000023880000)]
  0x0000000018ef4800 JavaThread "jar transforms Thread 37" [_thread_blocked, id=3500, stack(0x0000000023680000,0x0000000023780000)]
  0x0000000018ef1800 JavaThread "jar transforms Thread 36" [_thread_blocked, id=3080, stack(0x0000000023580000,0x0000000023680000)]
  0x0000000018ef2800 JavaThread "jar transforms Thread 35" [_thread_blocked, id=8040, stack(0x0000000023480000,0x0000000023580000)]
  0x000000001eb81000 JavaThread "jar transforms Thread 34" [_thread_blocked, id=10908, stack(0x0000000023380000,0x0000000023480000)]
  0x000000001eb87000 JavaThread "jar transforms Thread 33" [_thread_blocked, id=11112, stack(0x0000000023280000,0x0000000023380000)]
  0x000000001eb86800 JavaThread "jar transforms Thread 32" [_thread_blocked, id=9804, stack(0x0000000023180000,0x0000000023280000)]
  0x000000001eb85800 JavaThread "jar transforms Thread 31" [_thread_blocked, id=11120, stack(0x0000000023080000,0x0000000023180000)]
  0x000000001eb7e000 JavaThread "jar transforms Thread 30" [_thread_blocked, id=10624, stack(0x0000000022f80000,0x0000000023080000)]
  0x000000001eb82000 JavaThread "jar transforms Thread 29" [_thread_blocked, id=9828, stack(0x0000000022e80000,0x0000000022f80000)]
  0x000000001eb85000 JavaThread "jar transforms Thread 28" [_thread_blocked, id=5940, stack(0x0000000022d80000,0x0000000022e80000)]
  0x000000001eb7f800 JavaThread "jar transforms Thread 27" [_thread_blocked, id=5092, stack(0x0000000022c80000,0x0000000022d80000)]
  0x000000001eb80800 JavaThread "jar transforms Thread 26" [_thread_blocked, id=6024, stack(0x0000000022b80000,0x0000000022c80000)]
  0x000000001eb82800 JavaThread "jar transforms Thread 25" [_thread_blocked, id=2336, stack(0x0000000022a80000,0x0000000022b80000)]
  0x000000001eb7f000 JavaThread "jar transforms Thread 24" [_thread_blocked, id=5592, stack(0x0000000022980000,0x0000000022a80000)]
  0x000000001eb84000 JavaThread "jar transforms Thread 23" [_thread_blocked, id=10404, stack(0x0000000022880000,0x0000000022980000)]
  0x000000001eb83800 JavaThread "jar transforms Thread 22" [_thread_blocked, id=8244, stack(0x0000000022780000,0x0000000022880000)]
  0x000000001eb79000 JavaThread "jar transforms Thread 21" [_thread_blocked, id=5340, stack(0x0000000022680000,0x0000000022780000)]
  0x000000001eb7d800 JavaThread "jar transforms Thread 20" [_thread_blocked, id=7024, stack(0x0000000022580000,0x0000000022680000)]
  0x000000001eb7b000 JavaThread "jar transforms Thread 19" [_thread_blocked, id=9740, stack(0x0000000022480000,0x0000000022580000)]
  0x000000001eb78000 JavaThread "jar transforms Thread 18" [_thread_blocked, id=640, stack(0x0000000022380000,0x0000000022480000)]
  0x000000001eb7a800 JavaThread "jar transforms Thread 17" [_thread_blocked, id=7484, stack(0x0000000022280000,0x0000000022380000)]
  0x000000001eb79800 JavaThread "jar transforms Thread 16" [_thread_blocked, id=9752, stack(0x0000000022180000,0x0000000022280000)]
  0x000000001eb7c000 JavaThread "jar transforms Thread 15" [_thread_blocked, id=10884, stack(0x0000000022080000,0x0000000022180000)]
  0x000000001eb7c800 JavaThread "jar transforms Thread 14" [_thread_blocked, id=5848, stack(0x0000000021f80000,0x0000000022080000)]
  0x000000001dd5f000 JavaThread "jar transforms Thread 13" [_thread_blocked, id=10112, stack(0x0000000021e80000,0x0000000021f80000)]
  0x000000001dd5e800 JavaThread "jar transforms Thread 12" [_thread_blocked, id=3964, stack(0x0000000021d80000,0x0000000021e80000)]
  0x000000001dd5d800 JavaThread "jar transforms Thread 11" [_thread_blocked, id=10928, stack(0x0000000021c80000,0x0000000021d80000)]
  0x000000001dd60800 JavaThread "jar transforms Thread 10" [_thread_blocked, id=8356, stack(0x0000000021a80000,0x0000000021b80000)]
  0x000000001dd5d000 JavaThread "jar transforms Thread 9" [_thread_blocked, id=11236, stack(0x0000000021980000,0x0000000021a80000)]
  0x000000001dd61800 JavaThread "jar transforms Thread 8" [_thread_blocked, id=4980, stack(0x0000000021880000,0x0000000021980000)]
  0x000000001dd60000 JavaThread "jar transforms Thread 7" [_thread_blocked, id=8104, stack(0x0000000021780000,0x0000000021880000)]
  0x000000001dd5c000 JavaThread "jar transforms Thread 6" [_thread_blocked, id=5008, stack(0x0000000021680000,0x0000000021780000)]
  0x000000001dd5b800 JavaThread "jar transforms Thread 5" [_thread_blocked, id=5924, stack(0x0000000021580000,0x0000000021680000)]
  0x000000001dd53800 JavaThread "jar transforms Thread 4" [_thread_blocked, id=2548, stack(0x0000000021480000,0x0000000021580000)]
  0x000000001dd5a800 JavaThread "jar transforms Thread 3" [_thread_blocked, id=11136, stack(0x0000000021380000,0x0000000021480000)]
  0x000000001dd53000 JavaThread "jar transforms Thread 2" [_thread_blocked, id=10064, stack(0x0000000021280000,0x0000000021380000)]
  0x000000001dd5a000 JavaThread "Build operations Thread 4" [_thread_blocked, id=6200, stack(0x0000000021180000,0x0000000021280000)]
  0x000000001dd59000 JavaThread "Build operations Thread 3" [_thread_blocked, id=9340, stack(0x0000000021080000,0x0000000021180000)]
  0x000000001dd55000 JavaThread "Build operations Thread 2" [_thread_blocked, id=10284, stack(0x0000000020ca0000,0x0000000020da0000)]
  0x000000001dd58800 JavaThread "Build operations" [_thread_blocked, id=10548, stack(0x0000000020ba0000,0x0000000020ca0000)]
  0x000000001a67c000 JavaThread "Cache worker for file content cache (C:\Users\errajy\.gradle\caches\6.5\fileContent)" [_thread_blocked, id=9360, stack(0x00000000206a0000,0x00000000207a0000)]
  0x000000001a67a800 JavaThread "jar transforms" [_thread_blocked, id=4200, stack(0x00000000205a0000,0x00000000206a0000)]
  0x000000001a67b800 JavaThread "Cache worker for execution history cache (C:\Users\errajy\.gradle\caches\6.5\executionHistory)" [_thread_blocked, id=10320, stack(0x000000001fea0000,0x000000001ffa0000)]
  0x000000001a67a000 JavaThread "Cache worker for cache directory md-rule (C:\Users\errajy\.gradle\caches\6.5\md-rule)" [_thread_blocked, id=8552, stack(0x000000001fda0000,0x000000001fea0000)]
  0x000000001a678800 JavaThread "Cache worker for cache directory md-supplier (C:\Users\errajy\.gradle\caches\6.5\md-supplier)" [_thread_blocked, id=6652, stack(0x000000001fca0000,0x000000001fda0000)]
  0x000000001a67d000 JavaThread "Cache worker for checksums cache (C:\Users\errajy\Downloads\SecondQuizProject\SecondQuizProject\.gradle\checksums)" [_thread_blocked, id=8380, stack(0x000000001e940000,0x000000001ea40000)]
  0x000000001a679000 JavaThread "Cache worker for file hash cache (C:\Users\errajy\Downloads\SecondQuizProject\SecondQuizProject\.gradle\6.5\fileHashes)" [_thread_blocked, id=10848, stack(0x000000001e840000,0x000000001e940000)]
  0x000000001a67f000 JavaThread "Cache worker for file hash cache (C:\Users\errajy\.gradle\caches\6.5\fileHashes)" [_thread_blocked, id=8488, stack(0x000000001d370000,0x000000001d470000)]
  0x000000001a67e800 JavaThread "File lock request listener" [_thread_in_native, id=6640, stack(0x000000001d270000,0x000000001d370000)]
  0x000000001a67d800 JavaThread "Cache worker for journal cache (C:\Users\errajy\.gradle\caches\journal-1)" [_thread_blocked, id=2284, stack(0x000000001d170000,0x000000001d270000)]
  0x0000000019688000 JavaThread "Thread-9" [_thread_blocked, id=9212, stack(0x000000001ce70000,0x000000001cf70000)]
  0x0000000019591000 JavaThread "Stdin handler" [_thread_blocked, id=9252, stack(0x000000001cd70000,0x000000001ce70000)]
  0x000000001958f000 JavaThread "Asynchronous log dispatcher for DefaultDaemonConnection: socket connection from /127.0.0.1:56005 to /127.0.0.1:56006" [_thread_blocked, id=7528, stack(0x000000001cc70000,0x000000001cd70000)]
  0x000000001958b000 JavaThread "Daemon worker" [_thread_blocked, id=10828, stack(0x000000001cb70000,0x000000001cc70000)]
  0x00000000196b1800 JavaThread "Cancel handler" [_thread_blocked, id=3560, stack(0x000000001ca70000,0x000000001cb70000)]
  0x0000000018d7f800 JavaThread "Handler for socket connection from /127.0.0.1:56005 to /127.0.0.1:56006" [_thread_in_native, id=7228, stack(0x000000001c970000,0x000000001ca70000)]
  0x0000000019134000 JavaThread "Daemon" [_thread_blocked, id=7120, stack(0x000000001c870000,0x000000001c970000)]
  0x0000000019efc800 JavaThread "Daemon periodic checks" [_thread_blocked, id=2052, stack(0x000000001c570000,0x000000001c670000)]
  0x000000001902e000 JavaThread "Incoming local TCP Connector on port 56005" [_thread_in_native, id=8740, stack(0x000000001c330000,0x000000001c430000)]
  0x0000000018e24800 JavaThread "Daemon health stats" [_thread_blocked, id=4000, stack(0x000000001bcf0000,0x000000001bdf0000)]
  0x000000001744e800 JavaThread "Service Thread" daemon [_thread_blocked, id=5252, stack(0x0000000019150000,0x0000000019250000)]
  0x0000000017404800 JavaThread "C1 CompilerThread2" daemon [_thread_blocked, id=10952, stack(0x0000000018c50000,0x0000000018d50000)]
  0x00000000173fa800 JavaThread "C2 CompilerThread1" daemon [_thread_in_native, id=2840, stack(0x0000000018b50000,0x0000000018c50000)]
  0x00000000173f7800 JavaThread "C2 CompilerThread0" daemon [_thread_in_native, id=556, stack(0x0000000018a50000,0x0000000018b50000)]
  0x00000000173f2000 JavaThread "Attach Listener" daemon [_thread_blocked, id=2452, stack(0x0000000018950000,0x0000000018a50000)]
  0x00000000173f1000 JavaThread "Signal Dispatcher" daemon [_thread_blocked, id=10300, stack(0x0000000018850000,0x0000000018950000)]
  0x00000000027cb800 JavaThread "Finalizer" daemon [_thread_blocked, id=120, stack(0x0000000018650000,0x0000000018750000)]
  0x00000000173d9000 JavaThread "Reference Handler" daemon [_thread_blocked, id=9984, stack(0x0000000018550000,0x0000000018650000)]
  0x00000000025ce000 JavaThread "main" [_thread_blocked, id=7532, stack(0x00000000025d0000,0x00000000026d0000)]

Other Threads:
  0x00000000173b6800 VMThread [stack: 0x0000000018450000,0x0000000018550000] [id=3832]
  0x0000000018d81800 WatcherThread [stack: 0x0000000019250000,0x0000000019350000] [id=6180]

VM state:not at safepoint (normal execution)

VM Mutex/Monitor currently owned by a thread:  ([mutex/lock_event])
[0x00000000025cc5a0] CodeCache_lock - owner thread: 0x00000000173fa800
[0x00000000026d1ed0] Compile_lock - owner thread: 0x0000000000000000

heap address: 0x0000000080000000, size: 2048 MB, Compressed Oops mode: 32-bit
Narrow klass base: 0x0000000000000000, Narrow klass shift: 3
Compressed class space size: 1073741824 Address: 0x0000000100000000

Heap:
 PSYoungGen      total 205824K, used 23181K [0x00000000d5580000, 0x00000000e5380000, 0x0000000100000000)
  eden space 184320K, 0% used [0x00000000d5580000,0x00000000d5726470,0x00000000e0980000)
  from space 21504K, 99% used [0x00000000e0980000,0x00000000e1e7d078,0x00000000e1e80000)
  to   space 27136K, 0% used [0x00000000e3900000,0x00000000e3900000,0x00000000e5380000)
 ParOldGen       total 115712K, used 43836K [0x0000000080000000, 0x0000000087100000, 0x00000000d5580000)
  object space 115712K, 37% used [0x0000000080000000,0x0000000082acf2f8,0x0000000087100000)
 Metaspace       used 72046K, capacity 75228K, committed 75416K, reserved 1114112K
  class space    used 9769K, capacity 10397K, committed 10400K, reserved 1048576K

Card table byte_map: [0x0000000011b90000,0x0000000011fa0000] byte_map_base: 0x0000000011790000

Marking Bits: (ParMarkBitMap*) 0x0000000075ecf030
 Begin Bits: [0x0000000012650000, 0x0000000014650000)
 End Bits:   [0x0000000014650000, 0x0000000016650000)

Polling page: 0x0000000002510000

CodeCache: size=245760Kb used=28252Kb max_used=28257Kb free=217507Kb
 bounds [0x00000000027d0000, 0x00000000043a0000, 0x00000000117d0000]
 total_blobs=9559 nmethods=8727 adapters=742
 compilation: enabled

Compilation events (10 events):
Event: 62.324 Thread 0x00000000173fa800 9954       4       com.android.ide.common.symbols.Symbol::normalSymbol (13 bytes)
Event: 62.324 Thread 0x0000000017404800 9955       3       com.android.ide.common.symbols.Symbol$BasicStyleableSymbol::hashCode (37 bytes)
Event: 62.325 Thread 0x00000000173f7800 9956       4       com.google.common.collect.ImmutableList$Builder::getReadyToExpandTo (66 bytes)
Event: 62.325 Thread 0x0000000017404800 nmethod 9955 0x000000000437bb90 code [0x000000000437bd20, 0x000000000437c158]
Event: 62.364 Thread 0x00000000173f7800 nmethod 9956 0x0000000004376d90 code [0x0000000004376ee0, 0x0000000004377168]
Event: 62.364 Thread 0x00000000173fa800 nmethod 9954 0x000000000437b2d0 code [0x000000000437b440, 0x000000000437b7f8]
Event: 62.371 Thread 0x00000000173fa800 9957       4       com.android.ide.common.symbols.SymbolIo$ReadConfiguration$3::parseLine (5 bytes)
Event: 62.372 Thread 0x00000000173f7800 9958       4       com.android.ide.common.symbols.Symbol$BasicNormalSymbol::hashCode (37 bytes)
Event: 62.376 Thread 0x00000000173f7800 nmethod 9958 0x00000000043768d0 code [0x0000000004376a20, 0x0000000004376c08]
Event: 62.377 Thread 0x00000000173f7800 9959       4       com.android.ide.common.symbols.SymbolIo::readSymbolListWithPackageLine (223 bytes)

GC Heap History (10 events):
Event: 27.622 GC heap before
{Heap before GC invocations=16 (full 2):
 PSYoungGen      total 143872K, used 123506K [0x00000000d5580000, 0x00000000e0c00000, 0x0000000100000000)
  eden space 131584K, 84% used [0x00000000d5580000,0x00000000dc21fab8,0x00000000dd600000)
  from space 12288K, 99% used [0x00000000dd600000,0x00000000de1fcdb0,0x00000000de200000)
  to   space 16384K, 0% used [0x00000000dfc00000,0x00000000dfc00000,0x00000000e0c00000)
 ParOldGen       total 72192K, used 20378K [0x0000000080000000, 0x0000000084680000, 0x00000000d5580000)
  object space 72192K, 28% used [0x0000000080000000,0x00000000813e6858,0x0000000084680000)
 Metaspace       used 56848K, capacity 59062K, committed 59160K, reserved 1099776K
  class space    used 7681K, capacity 8146K, committed 8224K, reserved 1048576K
Event: 27.646 GC heap after
Heap after GC invocations=16 (full 2):
 PSYoungGen      total 168960K, used 14214K [0x00000000d5580000, 0x00000000e1b00000, 0x0000000100000000)
  eden space 152576K, 0% used [0x00000000d5580000,0x00000000d5580000,0x00000000dea80000)
  from space 16384K, 86% used [0x00000000dfc00000,0x00000000e09e1aa0,0x00000000e0c00000)
  to   space 17920K, 0% used [0x00000000dea80000,0x00000000dea80000,0x00000000dfc00000)
 ParOldGen       total 72192K, used 27454K [0x0000000080000000, 0x0000000084680000, 0x00000000d5580000)
  object space 72192K, 38% used [0x0000000080000000,0x0000000081acf988,0x0000000084680000)
 Metaspace       used 56848K, capacity 59062K, committed 59160K, reserved 1099776K
  class space    used 7681K, capacity 8146K, committed 8224K, reserved 1048576K
}
Event: 27.646 GC heap before
{Heap before GC invocations=17 (full 3):
 PSYoungGen      total 168960K, used 14214K [0x00000000d5580000, 0x00000000e1b00000, 0x0000000100000000)
  eden space 152576K, 0% used [0x00000000d5580000,0x00000000d5580000,0x00000000dea80000)
  from space 16384K, 86% used [0x00000000dfc00000,0x00000000e09e1aa0,0x00000000e0c00000)
  to   space 17920K, 0% used [0x00000000dea80000,0x00000000dea80000,0x00000000dfc00000)
 ParOldGen       total 72192K, used 27454K [0x0000000080000000, 0x0000000084680000, 0x00000000d5580000)
  object space 72192K, 38% used [0x0000000080000000,0x0000000081acf988,0x0000000084680000)
 Metaspace       used 56848K, capacity 59062K, committed 59160K, reserved 1099776K
  class space    used 7681K, capacity 8146K, committed 8224K, reserved 1048576K
Event: 27.950 GC heap after
Heap after GC invocations=17 (full 3):
 PSYoungGen      total 168960K, used 0K [0x00000000d5580000, 0x00000000e1b00000, 0x0000000100000000)
  eden space 152576K, 0% used [0x00000000d5580000,0x00000000d5580000,0x00000000dea80000)
  from space 16384K, 0% used [0x00000000dfc00000,0x00000000dfc00000,0x00000000e0c00000)
  to   space 17920K, 0% used [0x00000000dea80000,0x00000000dea80000,0x00000000dfc00000)
 ParOldGen       total 115712K, used 37010K [0x0000000080000000, 0x0000000087100000, 0x00000000d5580000)
  object space 115712K, 31% used [0x0000000080000000,0x0000000082424af0,0x0000000087100000)
 Metaspace       used 56834K, capacity 59014K, committed 59160K, reserved 1099776K
  class space    used 7676K, capacity 8138K, committed 8224K, reserved 1048576K
}
Event: 34.119 GC heap before
{Heap before GC invocations=18 (full 3):
 PSYoungGen      total 168960K, used 152576K [0x00000000d5580000, 0x00000000e1b00000, 0x0000000100000000)
  eden space 152576K, 100% used [0x00000000d5580000,0x00000000dea80000,0x00000000dea80000)
  from space 16384K, 0% used [0x00000000dfc00000,0x00000000dfc00000,0x00000000e0c00000)
  to   space 17920K, 0% used [0x00000000dea80000,0x00000000dea80000,0x00000000dfc00000)
 ParOldGen       total 115712K, used 37010K [0x0000000080000000, 0x0000000087100000, 0x00000000d5580000)
  object space 115712K, 31% used [0x0000000080000000,0x0000000082424af0,0x0000000087100000)
 Metaspace       used 65708K, capacity 68596K, committed 68760K, reserved 1107968K
  class space    used 9032K, capacity 9579K, committed 9632K, reserved 1048576K
Event: 34.156 GC heap after
Heap after GC invocations=18 (full 3):
 PSYoungGen      total 170496K, used 15057K [0x00000000d5580000, 0x00000000e3300000, 0x0000000100000000)
  eden space 152576K, 0% used [0x00000000d5580000,0x00000000d5580000,0x00000000dea80000)
  from space 17920K, 84% used [0x00000000dea80000,0x00000000df934560,0x00000000dfc00000)
  to   space 19456K, 0% used [0x00000000e2000000,0x00000000e2000000,0x00000000e3300000)
 ParOldGen       total 115712K, used 37018K [0x0000000080000000, 0x0000000087100000, 0x00000000d5580000)
  object space 115712K, 31% used [0x0000000080000000,0x0000000082426af0,0x0000000087100000)
 Metaspace       used 65708K, capacity 68596K, committed 68760K, reserved 1107968K
  class space    used 9032K, capacity 9579K, committed 9632K, reserved 1048576K
}
Event: 39.706 GC heap before
{Heap before GC invocations=19 (full 3):
 PSYoungGen      total 170496K, used 167633K [0x00000000d5580000, 0x00000000e3300000, 0x0000000100000000)
  eden space 152576K, 100% used [0x00000000d5580000,0x00000000dea80000,0x00000000dea80000)
  from space 17920K, 84% used [0x00000000dea80000,0x00000000df934560,0x00000000dfc00000)
  to   space 19456K, 0% used [0x00000000e2000000,0x00000000e2000000,0x00000000e3300000)
 ParOldGen       total 115712K, used 37018K [0x0000000080000000, 0x0000000087100000, 0x00000000d5580000)
  object space 115712K, 31% used [0x0000000080000000,0x0000000082426af0,0x0000000087100000)
 Metaspace       used 68285K, capacity 71268K, committed 71448K, reserved 1110016K
  class space    used 9310K, capacity 9889K, committed 10016K, reserved 1048576K
Event: 39.737 GC heap after
Heap after GC invocations=19 (full 3):
 PSYoungGen      total 203776K, used 15703K [0x00000000d5580000, 0x00000000e3380000, 0x0000000100000000)
  eden space 184320K, 0% used [0x00000000d5580000,0x00000000d5580000,0x00000000e0980000)
  from space 19456K, 80% used [0x00000000e2000000,0x00000000e2f55fb8,0x00000000e3300000)
  to   space 21504K, 0% used [0x00000000e0980000,0x00000000e0980000,0x00000000e1e80000)
 ParOldGen       total 115712K, used 37026K [0x0000000080000000, 0x0000000087100000, 0x00000000d5580000)
  object space 115712K, 31% used [0x0000000080000000,0x0000000082428af0,0x0000000087100000)
 Metaspace       used 68285K, capacity 71268K, committed 71448K, reserved 1110016K
  class space    used 9310K, capacity 9889K, committed 10016K, reserved 1048576K
}
Event: 62.328 GC heap before
{Heap before GC invocations=20 (full 3):
 PSYoungGen      total 203776K, used 200023K [0x00000000d5580000, 0x00000000e3380000, 0x0000000100000000)
  eden space 184320K, 100% used [0x00000000d5580000,0x00000000e0980000,0x00000000e0980000)
  from space 19456K, 80% used [0x00000000e2000000,0x00000000e2f55fb8,0x00000000e3300000)
  to   space 21504K, 0% used [0x00000000e0980000,0x00000000e0980000,0x00000000e1e80000)
 ParOldGen       total 115712K, used 37026K [0x0000000080000000, 0x0000000087100000, 0x00000000d5580000)
  object space 115712K, 31% used [0x0000000080000000,0x0000000082428af0,0x0000000087100000)
 Metaspace       used 72046K, capacity 75228K, committed 75416K, reserved 1114112K
  class space    used 9769K, capacity 10397K, committed 10400K, reserved 1048576K
Event: 62.364 GC heap after
Heap after GC invocations=20 (full 3):
 PSYoungGen      total 205824K, used 21492K [0x00000000d5580000, 0x00000000e5380000, 0x0000000100000000)
  eden space 184320K, 0% used [0x00000000d5580000,0x00000000d5580000,0x00000000e0980000)
  from space 21504K, 99% used [0x00000000e0980000,0x00000000e1e7d078,0x00000000e1e80000)
  to   space 27136K, 0% used [0x00000000e3900000,0x00000000e3900000,0x00000000e5380000)
 ParOldGen       total 115712K, used 43836K [0x0000000080000000, 0x0000000087100000, 0x00000000d5580000)
  object space 115712K, 37% used [0x0000000080000000,0x0000000082acf2f8,0x0000000087100000)
 Metaspace       used 72046K, capacity 75228K, committed 75416K, reserved 1114112K
  class space    used 9769K, capacity 10397K, committed 10400K, reserved 1048576K
}

Deoptimization events (10 events):
Event: 42.888 Thread 0x000000001b650800 Uncommon trap: reason=class_check action=maybe_recompile pc=0x000000000410d85c method=org.gradle.api.internal.artifacts.result.DefaultResolutionResult.eachElement(Lorg/gradle/api/artifacts/result/ResolvedComponentResult;Lorg/gradle/api/Action;Lorg/gradle/
Event: 42.888 Thread 0x000000001b650800 Uncommon trap: reason=class_check action=maybe_recompile pc=0x000000000410d85c method=org.gradle.api.internal.artifacts.result.DefaultResolutionResult.eachElement(Lorg/gradle/api/artifacts/result/ResolvedComponentResult;Lorg/gradle/api/Action;Lorg/gradle/
Event: 42.998 Thread 0x000000001b650800 Uncommon trap: reason=bimorphic action=maybe_recompile pc=0x00000000041a2e14 method=java.util.stream.AbstractPipeline.copyIntoWithCancel(Ljava/util/stream/Sink;Ljava/util/Spliterator;)V @ 24
Event: 43.184 Thread 0x000000001b650800 Uncommon trap: reason=unstable_if action=reinterpret pc=0x000000000375c1bc method=java.lang.CharacterDataLatin1.isJavaIdentifierPart(I)Z @ 11
Event: 43.737 Thread 0x000000001b650800 Uncommon trap: reason=unstable_if action=reinterpret pc=0x0000000002c23af8 method=java.io.ObjectOutputStream$BlockDataOutputStream.writeBytes(Ljava/lang/String;)V @ 22
Event: 43.739 Thread 0x000000001b650800 Uncommon trap: reason=predicate action=maybe_recompile pc=0x00000000041c57dc method=java.util.TimSort.binarySort([Ljava/lang/Object;IIILjava/util/Comparator;)V @ 37
Event: 57.729 Thread 0x0000000019efc800 Uncommon trap: reason=bimorphic action=maybe_recompile pc=0x000000000352372c method=java.util.HashMap.removeNode(ILjava/lang/Object;Ljava/lang/Object;ZZ)Ljava/util/HashMap$Node; @ 283
Event: 57.729 Thread 0x0000000019efc800 Uncommon trap: reason=bimorphic action=maybe_recompile pc=0x00000000039fad08 method=java.util.HashMap.removeNode(ILjava/lang/Object;Ljava/lang/Object;ZZ)Ljava/util/HashMap$Node; @ 283
Event: 62.101 Thread 0x000000001b64f800 Uncommon trap: reason=unstable_if action=reinterpret pc=0x0000000003f8c37c method=java.io.BufferedReader.readLine(Z)Ljava/lang/String; @ 192
Event: 62.150 Thread 0x000000001b64f800 Uncommon trap: reason=unstable_if action=reinterpret pc=0x0000000003b949d0 method=java.util.concurrent.ConcurrentHashMap.putVal(Ljava/lang/Object;Ljava/lang/Object;Z)Ljava/lang/Object; @ 195

Classes redefined (0 events):
No events

Internal exceptions (10 events):
Event: 42.189 Thread 0x000000001b650800 Exception <a 'java/lang/NoSuchMethodError': <clinit>> (0x00000000da686118) thrown at [C:\src\AOSP-openjdk-git\hotspot\src\share\vm\prims\jni.cpp, line 1615]
Event: 42.189 Thread 0x000000001b650800 Exception <a 'java/lang/NoSuchMethodError': <clinit>> (0x00000000da68c250) thrown at [C:\src\AOSP-openjdk-git\hotspot\src\share\vm\prims\jni.cpp, line 1615]
Event: 42.192 Thread 0x000000001b650800 Exception <a 'java/lang/NoSuchMethodError': <clinit>> (0x00000000da6a0fe8) thrown at [C:\src\AOSP-openjdk-git\hotspot\src\share\vm\prims\jni.cpp, line 1615]
Event: 42.193 Thread 0x000000001b650800 Exception <a 'java/lang/NoSuchMethodError': <clinit>> (0x00000000da6a2308) thrown at [C:\src\AOSP-openjdk-git\hotspot\src\share\vm\prims\jni.cpp, line 1615]
Event: 42.995 Thread 0x000000001b650800 Exception <a 'java/lang/NoSuchMethodError': java.lang.Object.lambda$comparingByKey$bbdbfea9$1(Ljava/util/Map$Entry;Ljava/util/Map$Entry;)I> (0x00000000dc7a3140) thrown at [C:\src\AOSP-openjdk-git\hotspot\src\share\vm\interpreter\linkResolver.cpp, line 620
Event: 43.737 Thread 0x000000001b650800 Exception <a 'java/lang/NoSuchMethodError': <clinit>> (0x00000000df947a28) thrown at [C:\src\AOSP-openjdk-git\hotspot\src\share\vm\prims\jni.cpp, line 1615]
Event: 43.739 Thread 0x000000001b650800 Exception <a 'java/lang/NoSuchMethodError': <clinit>> (0x00000000df966b30) thrown at [C:\src\AOSP-openjdk-git\hotspot\src\share\vm\prims\jni.cpp, line 1615]
Event: 43.755 Thread 0x000000001b650800 Exception <a 'java/lang/NoSuchMethodError': <clinit>> (0x00000000dfa26fd0) thrown at [C:\src\AOSP-openjdk-git\hotspot\src\share\vm\prims\jni.cpp, line 1615]
Event: 44.092 Thread 0x000000001b64f800 Exception <a 'java/lang/NoSuchMethodError': java.lang.Object.lambda$negate$1(Ljava/lang/Object;)Z> (0x00000000dfc13c68) thrown at [C:\src\AOSP-openjdk-git\hotspot\src\share\vm\interpreter\linkResolver.cpp, line 620]
Event: 62.064 Thread 0x000000001b64f800 Exception <a 'java/lang/NoSuchMethodError': java.lang.Object.lambda$comparingInt$7b0bb60$1(Ljava/util/function/ToIntFunction;Ljava/lang/Object;Ljava/lang/Object;)I> (0x00000000dfe56d90) thrown at [C:\src\AOSP-openjdk-git\hotspot\src\share\vm\interpreter\l

Events (10 events):
Event: 62.228 loading class com/android/ide/common/symbols/Symbol$BasicAttributeSymbol
Event: 62.228 loading class com/android/ide/common/symbols/Symbol$BasicAttributeSymbol done
Event: 62.328 Executing VM operation: ParallelGCFailedAllocation
Event: 62.364 Executing VM operation: ParallelGCFailedAllocation done
Event: 62.364 Thread 0x00000000173f7800 flushing nmethod 0x00000000028e46d0
Event: 62.365 Thread 0x00000000173f7800 flushing nmethod 0x0000000002963c90
Event: 62.365 Thread 0x00000000173f7800 flushing nmethod 0x000000000296c090
Event: 62.365 Thread 0x00000000173f7800 flushing nmethod 0x000000000296c650
Event: 62.377 Thread 0x00000000173f7800 flushing nmethod 0x0000000002a27390
Event: 62.377 Thread 0x00000000173f7800 flushing nmethod 0x0000000002abe810


Dynamic libraries:
0x00007ff79b820000 - 0x00007ff79b851000 	C:\Program Files\Android\Android Studio\jre\bin\java.exe
0x00007ffbd5a50000 - 0x00007ffbd5c45000 	C:\Windows\SYSTEM32\ntdll.dll
0x00007ffbd5350000 - 0x00007ffbd540d000 	C:\Windows\System32\KERNEL32.DLL
0x00007ffbd37e0000 - 0x00007ffbd3aa8000 	C:\Windows\System32\KERNELBASE.dll
0x00007ffbd3d60000 - 0x00007ffbd3e0c000 	C:\Windows\System32\ADVAPI32.dll
0x00007ffbd4830000 - 0x00007ffbd48ce000 	C:\Windows\System32\msvcrt.dll
0x00007ffbd4280000 - 0x00007ffbd431b000 	C:\Windows\System32\sechost.dll
0x00007ffbd3ab0000 - 0x00007ffbd3bdb000 	C:\Windows\System32\RPCRT4.dll
0x00007ffbd51b0000 - 0x00007ffbd5350000 	C:\Windows\System32\USER32.dll
0x00007ffbd31f0000 - 0x00007ffbd3212000 	C:\Windows\System32\win32u.dll
0x00007ffbd4500000 - 0x00007ffbd452a000 	C:\Windows\System32\GDI32.dll
0x00007ffbd3220000 - 0x00007ffbd332b000 	C:\Windows\System32\gdi32full.dll
0x00007ffbd36f0000 - 0x00007ffbd378d000 	C:\Windows\System32\msvcp_win.dll
0x00007ffbd3410000 - 0x00007ffbd3510000 	C:\Windows\System32\ucrtbase.dll
0x00007ffbd2520000 - 0x00007ffbd27ba000 	C:\Windows\WinSxS\amd64_microsoft.windows.common-controls_6595b64144ccf1df_6.0.19041.844_none_ca00b6081b84eb1d\COMCTL32.dll
0x00007ffbd54d0000 - 0x00007ffbd5500000 	C:\Windows\System32\IMM32.DLL
0x0000000075620000 - 0x00000000756f2000 	C:\Program Files\Android\Android Studio\jre\jre\bin\msvcr100.dll
0x0000000075700000 - 0x0000000075f4b000 	C:\Program Files\Android\Android Studio\jre\jre\bin\server\jvm.dll
0x00007ffbd5970000 - 0x00007ffbd5978000 	C:\Windows\System32\PSAPI.DLL
0x00007ffbc3530000 - 0x00007ffbc3557000 	C:\Windows\SYSTEM32\WINMM.dll
0x00007ffbc40c0000 - 0x00007ffbc40ca000 	C:\Windows\SYSTEM32\VERSION.dll
0x00007ffba50c0000 - 0x00007ffba50c9000 	C:\Windows\SYSTEM32\WSOCK32.dll
0x00007ffbd4470000 - 0x00007ffbd44db000 	C:\Windows\System32\ws2_32.DLL
0x00007ffba4da0000 - 0x00007ffba4daf000 	C:\Program Files\Android\Android Studio\jre\jre\bin\verify.dll
0x00007ffba3c90000 - 0x00007ffba3cb9000 	C:\Program Files\Android\Android Studio\jre\jre\bin\java.dll
0x00007ffba4d80000 - 0x00007ffba4d96000 	C:\Program Files\Android\Android Studio\jre\jre\bin\zip.dll
0x00007ffbd4980000 - 0x00007ffbd50c2000 	C:\Windows\System32\SHELL32.dll
0x00007ffbd0c80000 - 0x00007ffbd1411000 	C:\Windows\SYSTEM32\windows.storage.dll
0x00007ffbd3f20000 - 0x00007ffbd4275000 	C:\Windows\System32\combase.dll
0x00007ffbd24b0000 - 0x00007ffbd24dc000 	C:\Windows\SYSTEM32\Wldp.dll
0x00007ffbd3e10000 - 0x00007ffbd3ebe000 	C:\Windows\System32\SHCORE.dll
0x00007ffbd5470000 - 0x00007ffbd54c5000 	C:\Windows\System32\shlwapi.dll
0x00007ffbd30d0000 - 0x00007ffbd30ef000 	C:\Windows\SYSTEM32\profapi.dll
0x00007ffba3c70000 - 0x00007ffba3c8a000 	C:\Program Files\Android\Android Studio\jre\jre\bin\net.dll
0x00007ffbd2340000 - 0x00007ffbd23aa000 	C:\Windows\system32\mswsock.dll
0x00007ffba3c50000 - 0x00007ffba3c63000 	C:\Program Files\Android\Android Studio\jre\jre\bin\nio.dll
0x00007ffbc2090000 - 0x00007ffbc20b7000 	C:\Users\errajy\.gradle\native\f6784746aeab05261644944871eae4fe03e0ef1612fff0a4a95f87b438bc6780\windows-amd64\native-platform.dll
0x00007ffba3c40000 - 0x00007ffba3c4d000 	C:\Program Files\Android\Android Studio\jre\jre\bin\management.dll
0x00007ffbd2f20000 - 0x00007ffbd2f38000 	C:\Windows\SYSTEM32\CRYPTSP.dll
0x00007ffbd1be0000 - 0x00007ffbd1c14000 	C:\Windows\system32\rsaenh.dll
0x00007ffbd33e0000 - 0x00007ffbd3407000 	C:\Windows\System32\bcrypt.dll
0x00007ffbd3090000 - 0x00007ffbd30be000 	C:\Windows\SYSTEM32\USERENV.dll
0x00007ffbd3670000 - 0x00007ffbd36f0000 	C:\Windows\System32\bcryptprimitives.dll
0x00007ffbd24a0000 - 0x00007ffbd24ac000 	C:\Windows\SYSTEM32\CRYPTBASE.dll
0x00007ffbd1f10000 - 0x00007ffbd1f4b000 	C:\Windows\SYSTEM32\IPHLPAPI.DLL
0x00007ffbd4820000 - 0x00007ffbd4828000 	C:\Windows\System32\NSI.dll
0x00007ffbcbab0000 - 0x00007ffbcbac7000 	C:\Windows\SYSTEM32\dhcpcsvc6.DLL
0x00007ffbcba70000 - 0x00007ffbcba8d000 	C:\Windows\SYSTEM32\dhcpcsvc.DLL
0x00007ffbd1f50000 - 0x00007ffbd201c000 	C:\Windows\SYSTEM32\DNSAPI.dll
0x00007ffbcbb10000 - 0x00007ffbcbb1b000 	C:\Windows\SYSTEM32\WINNSI.DLL
0x00007ffbd2ca0000 - 0x00007ffbd2e84000 	C:\Windows\SYSTEM32\dbghelp.dll

VM Arguments:
jvm_args: -Xmx2048m -Dfile.encoding=UTF-8 -Duser.country=US -Duser.language=en -Duser.variant 
java_command: org.gradle.launcher.daemon.bootstrap.GradleDaemon 6.5
java_class_path (initial): C:\Users\errajy\.gradle\wrapper\dists\gradle-6.5-bin\6nifqtx7604sqp1q6g8wikw7p\gradle-6.5\lib\gradle-launcher-6.5.jar
Launcher Type: SUN_STANDARD

Environment Variables:
PATH=C:\Program Files\Common Files\Oracle\Java\javapath;C:\Windows\system32;C:\Windows;C:\Windows\System32\Wbem;C:\Windows\System32\WindowsPowerShell\v1.0\;C:\Windows\System32\OpenSSH\;C:\Program Files\Microsoft SQL Server\130\Tools\Binn\;C:\Program Files\Microsoft SQL Server\Client SDK\ODBC\170\Tools\Binn\;C:\Program Files (x86)\Microsoft SQL Server\150\Tools\Binn\;C:\Program Files\Microsoft SQL Server\150\Tools\Binn\;C:\Program Files\Microsoft SQL Server\150\DTS\Binn\;C:\Program Files (x86)\Microsoft SQL Server\150\DTS\Binn\;C:\Program Files\Azure Data Studio\bin;C:\Program Files (x86)\Intel\OpenCL SDK\2.0\bin\x86;C:\Program Files (x86)\Intel\OpenCL SDK\2.0\bin\x64;C:\Program Files\dotnet\;C:\Users\errajy\AppData\Local\Microsoft\WindowsApps;C:\Program Files\Azure Data Studio\bin;C:\Users\errajy\AppData\Local\Programs\Microsoft VS Code\bin;C:\Users\errajy\.dotnet\tools;C:\Users\errajy\AppData\Local\Android\Sdk\platform-tools;
USERNAME=errajy
OS=Windows_NT
PROCESSOR_IDENTIFIER=Intel64 Family 6 Model 58 Stepping 9, GenuineIntel



---------------  S Y S T E M  ---------------

OS: Windows 10.0 , 64 bit Build 19041 (10.0.19041.928)

CPU:total 4 (initial active 4) (2 cores per cpu, 2 threads per core) family 6 model 58 stepping 9, cmov, cx8, fxsr, mmx, sse, sse2, sse3, ssse3, sse4.1, sse4.2, popcnt, avx, aes, clmul, erms, ht, tsc, tscinvbit, tscinv

Memory: 4k page, physical 8265264k(1935076k free), swap 10214960k(3525432k free)

vm_info: OpenJDK 64-Bit Server VM (25.242-b01) for windows-amd64 JRE (1.8.0_242-release-1644-b01), built by "builder" with MS VC++ 10.0 (VS2010)

time: Sun Apr 18 13:18:04 2021
timezone: Morocco Standard Time
elapsed time: 62 seconds (0d 0h 1m 2s)

